Build started 2013/1/9 21:36:29.
     1>Project "C:\Projects\Nyquist-test\nyquist\FLAC\win32\libFLAC\libFLAC_static.vcxproj" on node 4 (Build target(s)).
     1>CustomBuild:
         Performing Custom Build Tools
         ia32/bitreader_asm.nasm:564: warning: label alone on a line without a colon might be in error
         Performing Custom Build Tools
         ia32/cpu_asm.nasm:88: warning: label alone on a line without a colon might be in error
         ia32/cpu_asm.nasm:94: warning: label alone on a line without a colon might be in error
         ia32/cpu_asm.nasm:111: warning: label alone on a line without a colon might be in error
         ia32/cpu_asm.nasm:113: warning: label alone on a line without a colon might be in error
         ia32/cpu_asm.nasm:117: warning: label alone on a line without a colon might be in error
         Performing Custom Build Tools
         ia32/fixed_asm.nasm:308: warning: label alone on a line without a colon might be in error
         Performing Custom Build Tools
         ia32/lpc_asm.nasm:1507: warning: label alone on a line without a colon might be in error
         Performing Custom Build Tools
         ia32/stream_encoder_asm.nasm:155: warning: label alone on a line without a colon might be in error
       ClCompile:
         C:\Program Files (x86)\Microsoft Visual Studio 11.0\VC\bin\CL.exe /c /I.\include /I..\..\include /I"C:\Program Files (x86)\Microsoft Visual Studio 11.0\VC\include" /I"C:\Projects\Nyquist-test\nyquist\libogg\include" /I"C:\Program Files (x86)\Microsoft Visual Studio 11.0\VC\atlmfc\include" /I"C:\Program Files (x86)\Windows Kits\8.0\Include\um" /I"C:\Program Files (x86)\Windows Kits\8.0\Include\shared" /I"C:\Program Files (x86)\Windows Kits\8.0\Include\winrt" /Zi /nologo /W3 /WX- /O2 /Oy- /D "VERSION=\"1.2.1\"" /D FLAC__NO_DLL /D FLAC__HAS_OGG /D FLAC__CPU_IA32 /D FLAC__HAS_NASM /D FLAC__USE_3DNOW /D WIN32 /D NDEBUG /D _LIB /D _VC80_UPGRADE=0x0600 /D _UNICODE /D UNICODE /GF /Gm- /EHsc /MT /GS /Gy /fp:precise /Zc:wchar_t /Zc:forScope /Fo".\Release_static\\" /Fd".\Release_static\vc110.pdb" /Gd /TP /analyze- /errorReport:prompt bitmath.cpp ogg_encoder_aspect.cpp
         bitmath.cpp
         ogg_encoder_aspect.cpp
         Generating Code...
         C:\Program Files (x86)\Microsoft Visual Studio 11.0\VC\bin\CL.exe /c /I.\include /I..\..\include /I"C:\Program Files (x86)\Microsoft Visual Studio 11.0\VC\include" /I"C:\Projects\Nyquist-test\nyquist\libogg\include" /I"C:\Program Files (x86)\Microsoft Visual Studio 11.0\VC\atlmfc\include" /I"C:\Program Files (x86)\Windows Kits\8.0\Include\um" /I"C:\Program Files (x86)\Windows Kits\8.0\Include\shared" /I"C:\Program Files (x86)\Windows Kits\8.0\Include\winrt" /Zi /nologo /W3 /WX- /O2 /Oy- /D "VERSION=\"1.2.1\"" /D FLAC__NO_DLL /D FLAC__HAS_OGG /D FLAC__CPU_IA32 /D FLAC__HAS_NASM /D FLAC__USE_3DNOW /D WIN32 /D NDEBUG /D _LIB /D _VC80_UPGRADE=0x0600 /D _UNICODE /D UNICODE /GF /Gm- /EHsc /MT /GS /Gy /fp:precise /Zc:wchar_t /Zc:forScope /Fo".\Release_static\\" /Fd".\Release_static\vc110.pdb" /Gd /TC /analyze- /errorReport:prompt bitreader.c bitwriter.c cpu.c crc.c fixed.c float.c format.c lpc.c md5.c memory.c metadata_iterators.c metadata_object.c ogg_decoder_aspect.c ogg_helper.c ogg_mapping.c stream_decoder.c stream_encoder.c stream_encoder_framing.c window.c
         bitreader.c
         bitwriter.c
         cpu.c
         crc.c
         fixed.c
         float.c
         format.c
         lpc.c
         md5.c
         memory.c
         metadata_iterators.c
     1>metadata_iterators.c(441): warning C4996: 'fopen': This function or variable may be unsafe. Consider using fopen_s instead. To disable deprecation, use _CRT_SECURE_NO_WARNINGS. See online help for details.
                 C:\Program Files (x86)\Microsoft Visual Studio 11.0\VC\include\stdio.h(218) : see declaration of 'fopen'
     1>metadata_iterators.c(444): warning C4996: 'fopen': This function or variable may be unsafe. Consider using fopen_s instead. To disable deprecation, use _CRT_SECURE_NO_WARNINGS. See online help for details.
                 C:\Program Files (x86)\Microsoft Visual Studio 11.0\VC\include\stdio.h(218) : see declaration of 'fopen'
     1>metadata_iterators.c(462): warning C4013: 'ftello' undefined; assuming extern returning int
     1>metadata_iterators.c(509): warning C4996: 'strdup': The POSIX name for this item is deprecated. Instead, use the ISO C++ conformant name: _strdup. See online help for details.
                 C:\Program Files (x86)\Microsoft Visual Studio 11.0\VC\include\string.h(241) : see declaration of 'strdup'
     1>metadata_iterators.c(513): warning C4996: 'strdup': The POSIX name for this item is deprecated. Instead, use the ISO C++ conformant name: _strdup. See online help for details.
                 C:\Program Files (x86)\Microsoft Visual Studio 11.0\VC\include\string.h(241) : see declaration of 'strdup'
     1>metadata_iterators.c(537): warning C4013: 'fseeko' undefined; assuming extern returning int
     1>metadata_iterators.c(1383): warning C4996: 'fopen': This function or variable may be unsafe. Consider using fopen_s instead. To disable deprecation, use _CRT_SECURE_NO_WARNINGS. See online help for details.
                 C:\Program Files (x86)\Microsoft Visual Studio 11.0\VC\include\stdio.h(218) : see declaration of 'fopen'
     1>metadata_iterators.c(1408): warning C4996: 'fopen': This function or variable may be unsafe. Consider using fopen_s instead. To disable deprecation, use _CRT_SECURE_NO_WARNINGS. See online help for details.
                 C:\Program Files (x86)\Microsoft Visual Studio 11.0\VC\include\stdio.h(218) : see declaration of 'fopen'
     1>metadata_iterators.c(1538): warning C4996: 'strdup': The POSIX name for this item is deprecated. Instead, use the ISO C++ conformant name: _strdup. See online help for details.
                 C:\Program Files (x86)\Microsoft Visual Studio 11.0\VC\include\string.h(241) : see declaration of 'strdup'
     1>metadata_iterators.c(1545): warning C4996: 'fopen': This function or variable may be unsafe. Consider using fopen_s instead. To disable deprecation, use _CRT_SECURE_NO_WARNINGS. See online help for details.
                 C:\Program Files (x86)\Microsoft Visual Studio 11.0\VC\include\stdio.h(218) : see declaration of 'fopen'
     1>metadata_iterators.c(3223): warning C4996: 'strcpy': This function or variable may be unsafe. Consider using strcpy_s instead. To disable deprecation, use _CRT_SECURE_NO_WARNINGS. See online help for details.
     1>metadata_iterators.c(3224): warning C4996: 'strcat': This function or variable may be unsafe. Consider using strcat_s instead. To disable deprecation, use _CRT_SECURE_NO_WARNINGS. See online help for details.
     1>metadata_iterators.c(3237): warning C4996: 'strcpy': This function or variable may be unsafe. Consider using strcpy_s instead. To disable deprecation, use _CRT_SECURE_NO_WARNINGS. See online help for details.
     1>metadata_iterators.c(3238): warning C4996: 'strcat': This function or variable may be unsafe. Consider using strcat_s instead. To disable deprecation, use _CRT_SECURE_NO_WARNINGS. See online help for details.
     1>metadata_iterators.c(3239): warning C4996: 'strcat': This function or variable may be unsafe. Consider using strcat_s instead. To disable deprecation, use _CRT_SECURE_NO_WARNINGS. See online help for details.
     1>metadata_iterators.c(3240): warning C4996: 'strcat': This function or variable may be unsafe. Consider using strcat_s instead. To disable deprecation, use _CRT_SECURE_NO_WARNINGS. See online help for details.
     1>metadata_iterators.c(3243): warning C4996: 'fopen': This function or variable may be unsafe. Consider using fopen_s instead. To disable deprecation, use _CRT_SECURE_NO_WARNINGS. See online help for details.
                 C:\Program Files (x86)\Microsoft Visual Studio 11.0\VC\include\stdio.h(218) : see declaration of 'fopen'
     1>metadata_iterators.c(3265): warning C4996: 'unlink': The POSIX name for this item is deprecated. Instead, use the ISO C++ conformant name: _unlink. See online help for details.
                 C:\Program Files (x86)\Microsoft Visual Studio 11.0\VC\include\stdio.h(285) : see declaration of 'unlink'
     1>metadata_iterators.c(3292): warning C4996: 'unlink': The POSIX name for this item is deprecated. Instead, use the ISO C++ conformant name: _unlink. See online help for details.
                 C:\Program Files (x86)\Microsoft Visual Studio 11.0\VC\include\stdio.h(285) : see declaration of 'unlink'
     1>metadata_iterators.c(3314): warning C4996: 'chmod': The POSIX name for this item is deprecated. Instead, use the ISO C++ conformant name: _chmod. See online help for details.
                 C:\Program Files (x86)\Microsoft Visual Studio 11.0\VC\include\io.h(303) : see declaration of 'chmod'
         metadata_object.c
     1>metadata_object.c(114): warning C4996: 'strdup': The POSIX name for this item is deprecated. Instead, use the ISO C++ conformant name: _strdup. See online help for details.
                 C:\Program Files (x86)\Microsoft Visual Studio 11.0\VC\include\string.h(241) : see declaration of 'strdup'
     1>metadata_object.c(1378): warning C4996: 'strnicmp': The POSIX name for this item is deprecated. Instead, use the ISO C++ conformant name: _strnicmp. See online help for details.
                 C:\Program Files (x86)\Microsoft Visual Studio 11.0\VC\include\string.h(251) : see declaration of 'strnicmp'
         ogg_decoder_aspect.c
         ogg_helper.c
         ogg_mapping.c
         stream_decoder.c
     1>stream_decoder.c(631): warning C4996: 'fopen': This function or variable may be unsafe. Consider using fopen_s instead. To disable deprecation, use _CRT_SECURE_NO_WARNINGS. See online help for details.
                 C:\Program Files (x86)\Microsoft Visual Studio 11.0\VC\include\stdio.h(218) : see declaration of 'fopen'
     1>stream_decoder.c(3346): warning C4013: 'fseeko' undefined; assuming extern returning int
     1>stream_decoder.c(3359): warning C4013: 'ftello' undefined; assuming extern returning int
     1>stream_decoder.c(3374): warning C4996: 'fileno': The POSIX name for this item is deprecated. Instead, use the ISO C++ conformant name: _fileno. See online help for details.
                 C:\Program Files (x86)\Microsoft Visual Studio 11.0\VC\include\stdio.h(711) : see declaration of 'fileno'
         stream_encoder.c
     1>stream_encoder.c(1286): warning C4996: 'fopen': This function or variable may be unsafe. Consider using fopen_s instead. To disable deprecation, use _CRT_SECURE_NO_WARNINGS. See online help for details.
                 C:\Program Files (x86)\Microsoft Visual Studio 11.0\VC\include\stdio.h(218) : see declaration of 'fopen'
     1>stream_encoder.c(4274): warning C4013: 'fseeko' undefined; assuming extern returning int
     1>stream_encoder.c(4286): warning C4013: 'ftello' undefined; assuming extern returning int
         stream_encoder_framing.c
         window.c
         Generating Code...
       Lib:
         C:\Program Files (x86)\Microsoft Visual Studio 11.0\VC\bin\Lib.exe /OUT:"C:\Projects\Nyquist-test\nyquist\Win32\Release\libFLAC_static.lib" /NOLOGO /LTCG  /nodefaultlib ia32/bitreader_asm.obj
         ia32/cpu_asm.obj
         ia32/fixed_asm.obj
         ia32/lpc_asm.obj
         ia32/stream_encoder_asm.obj
         .\Release_static\bitmath.obj
         .\Release_static\bitreader.obj
         .\Release_static\bitwriter.obj
         .\Release_static\cpu.obj
         .\Release_static\crc.obj
         .\Release_static\fixed.obj
         .\Release_static\float.obj
         .\Release_static\format.obj
         .\Release_static\lpc.obj
         .\Release_static\md5.obj
         .\Release_static\memory.obj
         .\Release_static\metadata_iterators.obj
         .\Release_static\metadata_object.obj
         .\Release_static\ogg_decoder_aspect.obj
         .\Release_static\ogg_encoder_aspect.obj
         .\Release_static\ogg_helper.obj
         .\Release_static\ogg_mapping.obj
         .\Release_static\stream_decoder.obj
         .\Release_static\stream_encoder.obj
         .\Release_static\stream_encoder_framing.obj
         .\Release_static\window.obj
         libFLAC_static.vcxproj -> C:\Projects\Nyquist-test\nyquist\Win32\Release\libFLAC_static.lib
     1>Done Building Project "C:\Projects\Nyquist-test\nyquist\FLAC\win32\libFLAC\libFLAC_static.vcxproj" (Build target(s)).

Build succeeded.

Time Elapsed 00:00:04.18
