C:\PROJECTS\NYQUIST-SVN\NYQUIST\FLAC\WIN32\LIBFLAC\RELEASE_STATIC\OGG_ENCODER_ASPECT.OBJ
C:\PROJECTS\NYQUIST-SVN\NYQUIST\FLAC\WIN32\LIBFLAC\RELEASE_STATIC\BITMATH.OBJ
C:\PROJECTS\NYQUIST-SVN\NYQUIST\FLAC\WIN32\LIBFLAC\RELEASE_STATIC\VC110.PDB
C:\PROJECTS\NYQUIST-SVN\NYQUIST\FLAC\WIN32\LIBFLAC\RELEASE_STATIC\WINDOW.OBJ
C:\PROJECTS\NYQUIST-SVN\NYQUIST\FLAC\WIN32\LIBFLAC\RELEASE_STATIC\STREAM_ENCODER_FRAMING.OBJ
C:\PROJECTS\NYQUIST-SVN\NYQUIST\FLAC\WIN32\LIBFLAC\RELEASE_STATIC\STREAM_ENCODER.OBJ
C:\PROJECTS\NYQUIST-SVN\NYQUIST\FLAC\WIN32\LIBFLAC\RELEASE_STATIC\STREAM_DECODER.OBJ
C:\PROJECTS\NYQUIST-SVN\NYQUIST\FLAC\WIN32\LIBFLAC\RELEASE_STATIC\OGG_MAPPING.OBJ
C:\PROJECTS\NYQUIST-SVN\NYQUIST\FLAC\WIN32\LIBFLAC\RELEASE_STATIC\OGG_HELPER.OBJ
C:\PROJECTS\NYQUIST-SVN\NYQUIST\FLAC\WIN32\LIBFLAC\RELEASE_STATIC\OGG_DECODER_ASPECT.OBJ
C:\PROJECTS\NYQUIST-SVN\NYQUIST\FLAC\WIN32\LIBFLAC\RELEASE_STATIC\METADATA_OBJECT.OBJ
C:\PROJECTS\NYQUIST-SVN\NYQUIST\FLAC\WIN32\LIBFLAC\RELEASE_STATIC\METADATA_ITERATORS.OBJ
C:\PROJECTS\NYQUIST-SVN\NYQUIST\FLAC\WIN32\LIBFLAC\RELEASE_STATIC\MEMORY.OBJ
C:\PROJECTS\NYQUIST-SVN\NYQUIST\FLAC\WIN32\LIBFLAC\RELEASE_STATIC\MD5.OBJ
C:\PROJECTS\NYQUIST-SVN\NYQUIST\FLAC\WIN32\LIBFLAC\RELEASE_STATIC\LPC.OBJ
C:\PROJECTS\NYQUIST-SVN\NYQUIST\FLAC\WIN32\LIBFLAC\RELEASE_STATIC\FORMAT.OBJ
C:\PROJECTS\NYQUIST-SVN\NYQUIST\FLAC\WIN32\LIBFLAC\RELEASE_STATIC\FLOAT.OBJ
C:\PROJECTS\NYQUIST-SVN\NYQUIST\FLAC\WIN32\LIBFLAC\RELEASE_STATIC\FIXED.OBJ
C:\PROJECTS\NYQUIST-SVN\NYQUIST\FLAC\WIN32\LIBFLAC\RELEASE_STATIC\CRC.OBJ
C:\PROJECTS\NYQUIST-SVN\NYQUIST\FLAC\WIN32\LIBFLAC\RELEASE_STATIC\CPU.OBJ
C:\PROJECTS\NYQUIST-SVN\NYQUIST\FLAC\WIN32\LIBFLAC\RELEASE_STATIC\BITWRITER.OBJ
C:\PROJECTS\NYQUIST-SVN\NYQUIST\FLAC\WIN32\LIBFLAC\RELEASE_STATIC\BITREADER.OBJ
C:\PROJECTS\NYQUIST-SVN\NYQUIST\FLAC\WIN32\LIBFLAC\IA32\BITREADER_ASM.OBJ
C:\PROJECTS\NYQUIST-SVN\NYQUIST\FLAC\WIN32\LIBFLAC\IA32\CPU_ASM.OBJ
C:\PROJECTS\NYQUIST-SVN\NYQUIST\FLAC\WIN32\LIBFLAC\IA32\FIXED_ASM.OBJ
C:\PROJECTS\NYQUIST-SVN\NYQUIST\FLAC\WIN32\LIBFLAC\IA32\LPC_ASM.OBJ
C:\PROJECTS\NYQUIST-SVN\NYQUIST\FLAC\WIN32\LIBFLAC\IA32\STREAM_ENCODER_ASM.OBJ
C:\PROJECTS\NYQUIST-SVN\NYQUIST\WIN32\RELEASE\LIBFLAC_STATIC.LIB
C:\Projects\Nyquist-svn\nyquist\FLAC\win32\libFLAC\Win32\Release\libFLAC_static.vcxprojResolveAssemblyReference.cache
C:\Projects\Nyquist-svn\nyquist\FLAC\win32\libFLAC\Win32\Release\cl.command.1.tlog
C:\Projects\Nyquist-svn\nyquist\FLAC\win32\libFLAC\Win32\Release\CL.read.1.tlog
C:\Projects\Nyquist-svn\nyquist\FLAC\win32\libFLAC\Win32\Release\CL.write.1.tlog
C:\Projects\Nyquist-svn\nyquist\FLAC\win32\libFLAC\Win32\Release\custombuild.command.1.tlog
C:\Projects\Nyquist-svn\nyquist\FLAC\win32\libFLAC\Win32\Release\custombuild.read.1.tlog
C:\Projects\Nyquist-svn\nyquist\FLAC\win32\libFLAC\Win32\Release\custombuild.write.1.tlog
C:\Projects\Nyquist-svn\nyquist\FLAC\win32\libFLAC\Win32\Release\Lib-link.read.1.tlog
C:\Projects\Nyquist-svn\nyquist\FLAC\win32\libFLAC\Win32\Release\Lib-link.write.1.tlog
C:\Projects\Nyquist-svn\nyquist\FLAC\win32\libFLAC\Win32\Release\lib.command.1.tlog
C:\Projects\Nyquist-svn\nyquist\FLAC\win32\libFLAC\Win32\Release\link.7208.read.1.tlog
C:\Projects\Nyquist-svn\nyquist\FLAC\win32\libFLAC\Win32\Release\link.7208.write.1.tlog
C:\Projects\Nyquist-svn\nyquist\FLAC\win32\libFLAC\Win32\Release\link.command.1.tlog
C:\Projects\Nyquist-svn\nyquist\FLAC\win32\libFLAC\Win32\Release\link.read.1.tlog
C:\Projects\Nyquist-svn\nyquist\FLAC\win32\libFLAC\Win32\Release\link.write.1.tlog
C:\Projects\Nyquist-svn\nyquist\Win32\Release\libFLAC_static.lib
