This file contains any messages produced by compilers while
running configure, to aid debugging if configure makes a mistake.

It was created by liblo configure 0.26, which was
generated by GNU Autoconf 2.59.  Invocation command line was

  $ ./configure --enable-static --disable-shared

## --------- ##
## Platform. ##
## --------- ##

hostname = prez.music.cs.cmu.edu
uname -m = i686
uname -r = 2.6.29.6-1.rt23.4.fc11.ccrma.i586.rt
uname -s = Linux
uname -v = #1 SMP PREEMPT RT Thu Sep 3 18:59:53 EDT 2009

/usr/bin/uname -p = unknown
/bin/uname -X     = unknown

/bin/arch              = i686
/usr/bin/arch -k       = unknown
/usr/convex/getsysinfo = unknown
hostinfo               = unknown
/bin/machine           = unknown
/usr/bin/oslevel       = unknown
/bin/universe          = unknown

PATH: /usr/lib/qt-3.3/bin
PATH: /usr/kerberos/sbin
PATH: /usr/kerberos/bin
PATH: /usr/local/bin
PATH: /bin
PATH: /usr/bin
PATH: /usr/local/sbin
PATH: /usr/sbin
PATH: /sbin
PATH: /home/rbd/java/bin
PATH: /home/rbd/bin
PATH: /home/rbd/java/bin
PATH: /home/rbd/bin
PATH: /home/rbd/java/bin
PATH: /home/rbd/bin
PATH: /home/rbd/java/bin
PATH: /home/rbd/bin


## ----------- ##
## Core tests. ##
## ----------- ##

configure:1572: checking for a BSD-compatible install
configure:1627: result: /usr/bin/install -c
configure:1638: checking whether build environment is sane
configure:1681: result: yes
configure:1746: checking for gawk
configure:1762: found /bin/gawk
configure:1772: result: gawk
configure:1782: checking whether make sets $(MAKE)
configure:1802: result: yes
configure:2082: checking for gcc
configure:2098: found /usr/bin/gcc
configure:2108: result: gcc
configure:2352: checking for C compiler version
configure:2355: gcc --version </dev/null >&5
gcc (GCC) 4.4.1 20090725 (Red Hat 4.4.1-2)
Copyright (C) 2009 Free Software Foundation, Inc.
This is free software; see the source for copying conditions.  There is NO
warranty; not even for MERCHANTABILITY or FITNESS FOR A PARTICULAR PURPOSE.

configure:2358: $? = 0
configure:2360: gcc -v </dev/null >&5
Using built-in specs.
Target: i586-redhat-linux
Configured with: ../configure --prefix=/usr --mandir=/usr/share/man --infodir=/usr/share/info --with-bugurl=http://bugzilla.redhat.com/bugzilla --enable-bootstrap --enable-shared --enable-threads=posix --enable-checking=release --with-system-zlib --enable-__cxa_atexit --disable-libunwind-exceptions --enable-languages=c,c++,objc,obj-c++,java,fortran,ada --enable-java-awt=gtk --disable-dssi --enable-plugin --with-java-home=/usr/lib/jvm/java-1.5.0-gcj-1.5.0.0/jre --enable-libgcj-multifile --enable-java-maintainer-mode --with-ecj-jar=/usr/share/java/eclipse-ecj.jar --disable-libjava-multilib --with-ppl --with-cloog --with-tune=generic --with-arch=i586 --build=i586-redhat-linux
Thread model: posix
gcc version 4.4.1 20090725 (Red Hat 4.4.1-2) (GCC) 
configure:2363: $? = 0
configure:2365: gcc -V </dev/null >&5
gcc: '-V' option must have argument
configure:2368: $? = 1
configure:2391: checking for C compiler default output file name
configure:2394: gcc -DOSC -DCMTSTUFF -DPA_LITTLE_ENDIAN -O2 -m32 -Inyqsrc -Itran -Ixlisp -Isys/unix -Icmt -Iffts/src -Inyqstk/include -Inyqstk -Iportaudio/include -Iportaudio/src/common -Iportaudio/src/os/unix -Iliblo -Inylsf -DHAVE_LIBPTHREAD=1 -D_FILE_OFFSET_BITS=64  -DPA_USE_ALSA=1 -DSTK_NYQUIST -DUSE_VSPRINTF -DHAVE_CONFIG_H   conftest.c  >&5
configure:2397: $? = 0
configure:2443: result: a.out
configure:2448: checking whether the C compiler works
configure:2454: ./a.out
configure:2457: $? = 0
configure:2474: result: yes
configure:2481: checking whether we are cross compiling
configure:2483: result: no
configure:2486: checking for suffix of executables
configure:2488: gcc -o conftest -DOSC -DCMTSTUFF -DPA_LITTLE_ENDIAN -O2 -m32 -Inyqsrc -Itran -Ixlisp -Isys/unix -Icmt -Iffts/src -Inyqstk/include -Inyqstk -Iportaudio/include -Iportaudio/src/common -Iportaudio/src/os/unix -Iliblo -Inylsf -DHAVE_LIBPTHREAD=1 -D_FILE_OFFSET_BITS=64  -DPA_USE_ALSA=1 -DSTK_NYQUIST -DUSE_VSPRINTF -DHAVE_CONFIG_H   conftest.c  >&5
configure:2491: $? = 0
configure:2516: result: 
configure:2522: checking for suffix of object files
configure:2543: gcc -c -DOSC -DCMTSTUFF -DPA_LITTLE_ENDIAN -O2 -m32 -Inyqsrc -Itran -Ixlisp -Isys/unix -Icmt -Iffts/src -Inyqstk/include -Inyqstk -Iportaudio/include -Iportaudio/src/common -Iportaudio/src/os/unix -Iliblo -Inylsf -DHAVE_LIBPTHREAD=1 -D_FILE_OFFSET_BITS=64  -DPA_USE_ALSA=1 -DSTK_NYQUIST -DUSE_VSPRINTF -DHAVE_CONFIG_H  conftest.c >&5
configure:2546: $? = 0
configure:2568: result: o
configure:2572: checking whether we are using the GNU C compiler
configure:2596: gcc -c -DOSC -DCMTSTUFF -DPA_LITTLE_ENDIAN -O2 -m32 -Inyqsrc -Itran -Ixlisp -Isys/unix -Icmt -Iffts/src -Inyqstk/include -Inyqstk -Iportaudio/include -Iportaudio/src/common -Iportaudio/src/os/unix -Iliblo -Inylsf -DHAVE_LIBPTHREAD=1 -D_FILE_OFFSET_BITS=64  -DPA_USE_ALSA=1 -DSTK_NYQUIST -DUSE_VSPRINTF -DHAVE_CONFIG_H  conftest.c >&5
configure:2602: $? = 0
configure:2606: test -z 
			 || test ! -s conftest.err
configure:2609: $? = 0
configure:2612: test -s conftest.o
configure:2615: $? = 0
configure:2628: result: yes
configure:2634: checking whether gcc accepts -g
configure:2655: gcc -c -g  conftest.c >&5
configure:2661: $? = 0
configure:2665: test -z 
			 || test ! -s conftest.err
configure:2668: $? = 0
configure:2671: test -s conftest.o
configure:2674: $? = 0
configure:2685: result: yes
configure:2702: checking for gcc option to accept ANSI C
configure:2772: gcc  -c -DOSC -DCMTSTUFF -DPA_LITTLE_ENDIAN -O2 -m32 -Inyqsrc -Itran -Ixlisp -Isys/unix -Icmt -Iffts/src -Inyqstk/include -Inyqstk -Iportaudio/include -Iportaudio/src/common -Iportaudio/src/os/unix -Iliblo -Inylsf -DHAVE_LIBPTHREAD=1 -D_FILE_OFFSET_BITS=64  -DPA_USE_ALSA=1 -DSTK_NYQUIST -DUSE_VSPRINTF -DHAVE_CONFIG_H  conftest.c >&5
configure:2778: $? = 0
configure:2782: test -z 
			 || test ! -s conftest.err
configure:2785: $? = 0
configure:2788: test -s conftest.o
configure:2791: $? = 0
configure:2809: result: none needed
configure:2827: gcc -c -DOSC -DCMTSTUFF -DPA_LITTLE_ENDIAN -O2 -m32 -Inyqsrc -Itran -Ixlisp -Isys/unix -Icmt -Iffts/src -Inyqstk/include -Inyqstk -Iportaudio/include -Iportaudio/src/common -Iportaudio/src/os/unix -Iliblo -Inylsf -DHAVE_LIBPTHREAD=1 -D_FILE_OFFSET_BITS=64  -DPA_USE_ALSA=1 -DSTK_NYQUIST -DUSE_VSPRINTF -DHAVE_CONFIG_H  conftest.c >&5
conftest.c:2: error: expected '=', ',', ';', 'asm' or '__attribute__' before 'me'
configure:2833: $? = 1
configure: failed program was:
| #ifndef __cplusplus
|   choke me
| #endif
configure:2977: checking for style of include used by make
configure:3005: result: GNU
configure:3033: checking dependency style of gcc
configure:3123: result: gcc3
configure:3170: checking build system type
configure:3188: result: i686-redhat-linux-gnu
configure:3196: checking host system type
configure:3210: result: i686-redhat-linux-gnu
configure:3218: checking for a sed that does not truncate output
configure:3274: result: /bin/sed
configure:3277: checking for egrep
configure:3287: result: grep -E
configure:3303: checking for ld used by gcc
configure:3370: result: /usr/bin/ld
configure:3379: checking if the linker (/usr/bin/ld) is GNU ld
configure:3394: result: yes
configure:3399: checking for /usr/bin/ld option to reload object files
configure:3406: result: -r
configure:3424: checking for BSD-compatible nm
configure:3473: result: /usr/bin/nm -B
configure:3477: checking whether ln -s works
configure:3481: result: yes
configure:3488: checking how to recognise dependent libraries
configure:3664: result: pass_all
configure:3901: checking how to run the C preprocessor
configure:3936: gcc -E  conftest.c
configure:3942: $? = 0
configure:3974: gcc -E  conftest.c
conftest.c:11:28: error: ac_nonexistent.h: No such file or directory
configure:3980: $? = 1
configure: failed program was:
| /* confdefs.h.  */
| 
| #define PACKAGE_NAME "liblo"
| #define PACKAGE_TARNAME "liblo"
| #define PACKAGE_VERSION "0.26"
| #define PACKAGE_STRING "liblo 0.26"
| #define PACKAGE_BUGREPORT "liblo-devel@lists.sourceforge.net"
| #define PACKAGE "liblo"
| #define VERSION "0.26"
| /* end confdefs.h.  */
| #include <ac_nonexistent.h>
configure:4019: result: gcc -E
configure:4043: gcc -E  conftest.c
configure:4049: $? = 0
configure:4081: gcc -E  conftest.c
conftest.c:11:28: error: ac_nonexistent.h: No such file or directory
configure:4087: $? = 1
configure: failed program was:
| /* confdefs.h.  */
| 
| #define PACKAGE_NAME "liblo"
| #define PACKAGE_TARNAME "liblo"
| #define PACKAGE_VERSION "0.26"
| #define PACKAGE_STRING "liblo 0.26"
| #define PACKAGE_BUGREPORT "liblo-devel@lists.sourceforge.net"
| #define PACKAGE "liblo"
| #define VERSION "0.26"
| /* end confdefs.h.  */
| #include <ac_nonexistent.h>
configure:4131: checking for ANSI C header files
configure:4156: gcc -c -DOSC -DCMTSTUFF -DPA_LITTLE_ENDIAN -O2 -m32 -Inyqsrc -Itran -Ixlisp -Isys/unix -Icmt -Iffts/src -Inyqstk/include -Inyqstk -Iportaudio/include -Iportaudio/src/common -Iportaudio/src/os/unix -Iliblo -Inylsf -DHAVE_LIBPTHREAD=1 -D_FILE_OFFSET_BITS=64  -DPA_USE_ALSA=1 -DSTK_NYQUIST -DUSE_VSPRINTF -DHAVE_CONFIG_H  conftest.c >&5
configure:4162: $? = 0
configure:4166: test -z 
			 || test ! -s conftest.err
configure:4169: $? = 0
configure:4172: test -s conftest.o
configure:4175: $? = 0
configure:4264: gcc -o conftest -DOSC -DCMTSTUFF -DPA_LITTLE_ENDIAN -O2 -m32 -Inyqsrc -Itran -Ixlisp -Isys/unix -Icmt -Iffts/src -Inyqstk/include -Inyqstk -Iportaudio/include -Iportaudio/src/common -Iportaudio/src/os/unix -Iliblo -Inylsf -DHAVE_LIBPTHREAD=1 -D_FILE_OFFSET_BITS=64  -DPA_USE_ALSA=1 -DSTK_NYQUIST -DUSE_VSPRINTF -DHAVE_CONFIG_H   conftest.c  >&5
conftest.c: In function 'main':
conftest.c:28: warning: incompatible implicit declaration of built-in function 'exit'
configure:4267: $? = 0
configure:4269: ./conftest
configure:4272: $? = 0
configure:4287: result: yes
configure:4311: checking for sys/types.h
configure:4327: gcc -c -DOSC -DCMTSTUFF -DPA_LITTLE_ENDIAN -O2 -m32 -Inyqsrc -Itran -Ixlisp -Isys/unix -Icmt -Iffts/src -Inyqstk/include -Inyqstk -Iportaudio/include -Iportaudio/src/common -Iportaudio/src/os/unix -Iliblo -Inylsf -DHAVE_LIBPTHREAD=1 -D_FILE_OFFSET_BITS=64  -DPA_USE_ALSA=1 -DSTK_NYQUIST -DUSE_VSPRINTF -DHAVE_CONFIG_H  conftest.c >&5
configure:4333: $? = 0
configure:4337: test -z 
			 || test ! -s conftest.err
configure:4340: $? = 0
configure:4343: test -s conftest.o
configure:4346: $? = 0
configure:4357: result: yes
configure:4311: checking for sys/stat.h
configure:4327: gcc -c -DOSC -DCMTSTUFF -DPA_LITTLE_ENDIAN -O2 -m32 -Inyqsrc -Itran -Ixlisp -Isys/unix -Icmt -Iffts/src -Inyqstk/include -Inyqstk -Iportaudio/include -Iportaudio/src/common -Iportaudio/src/os/unix -Iliblo -Inylsf -DHAVE_LIBPTHREAD=1 -D_FILE_OFFSET_BITS=64  -DPA_USE_ALSA=1 -DSTK_NYQUIST -DUSE_VSPRINTF -DHAVE_CONFIG_H  conftest.c >&5
configure:4333: $? = 0
configure:4337: test -z 
			 || test ! -s conftest.err
configure:4340: $? = 0
configure:4343: test -s conftest.o
configure:4346: $? = 0
configure:4357: result: yes
configure:4311: checking for stdlib.h
configure:4327: gcc -c -DOSC -DCMTSTUFF -DPA_LITTLE_ENDIAN -O2 -m32 -Inyqsrc -Itran -Ixlisp -Isys/unix -Icmt -Iffts/src -Inyqstk/include -Inyqstk -Iportaudio/include -Iportaudio/src/common -Iportaudio/src/os/unix -Iliblo -Inylsf -DHAVE_LIBPTHREAD=1 -D_FILE_OFFSET_BITS=64  -DPA_USE_ALSA=1 -DSTK_NYQUIST -DUSE_VSPRINTF -DHAVE_CONFIG_H  conftest.c >&5
configure:4333: $? = 0
configure:4337: test -z 
			 || test ! -s conftest.err
configure:4340: $? = 0
configure:4343: test -s conftest.o
configure:4346: $? = 0
configure:4357: result: yes
configure:4311: checking for string.h
configure:4327: gcc -c -DOSC -DCMTSTUFF -DPA_LITTLE_ENDIAN -O2 -m32 -Inyqsrc -Itran -Ixlisp -Isys/unix -Icmt -Iffts/src -Inyqstk/include -Inyqstk -Iportaudio/include -Iportaudio/src/common -Iportaudio/src/os/unix -Iliblo -Inylsf -DHAVE_LIBPTHREAD=1 -D_FILE_OFFSET_BITS=64  -DPA_USE_ALSA=1 -DSTK_NYQUIST -DUSE_VSPRINTF -DHAVE_CONFIG_H  conftest.c >&5
configure:4333: $? = 0
configure:4337: test -z 
			 || test ! -s conftest.err
configure:4340: $? = 0
configure:4343: test -s conftest.o
configure:4346: $? = 0
configure:4357: result: yes
configure:4311: checking for memory.h
configure:4327: gcc -c -DOSC -DCMTSTUFF -DPA_LITTLE_ENDIAN -O2 -m32 -Inyqsrc -Itran -Ixlisp -Isys/unix -Icmt -Iffts/src -Inyqstk/include -Inyqstk -Iportaudio/include -Iportaudio/src/common -Iportaudio/src/os/unix -Iliblo -Inylsf -DHAVE_LIBPTHREAD=1 -D_FILE_OFFSET_BITS=64  -DPA_USE_ALSA=1 -DSTK_NYQUIST -DUSE_VSPRINTF -DHAVE_CONFIG_H  conftest.c >&5
configure:4333: $? = 0
configure:4337: test -z 
			 || test ! -s conftest.err
configure:4340: $? = 0
configure:4343: test -s conftest.o
configure:4346: $? = 0
configure:4357: result: yes
configure:4311: checking for strings.h
configure:4327: gcc -c -DOSC -DCMTSTUFF -DPA_LITTLE_ENDIAN -O2 -m32 -Inyqsrc -Itran -Ixlisp -Isys/unix -Icmt -Iffts/src -Inyqstk/include -Inyqstk -Iportaudio/include -Iportaudio/src/common -Iportaudio/src/os/unix -Iliblo -Inylsf -DHAVE_LIBPTHREAD=1 -D_FILE_OFFSET_BITS=64  -DPA_USE_ALSA=1 -DSTK_NYQUIST -DUSE_VSPRINTF -DHAVE_CONFIG_H  conftest.c >&5
configure:4333: $? = 0
configure:4337: test -z 
			 || test ! -s conftest.err
configure:4340: $? = 0
configure:4343: test -s conftest.o
configure:4346: $? = 0
configure:4357: result: yes
configure:4311: checking for inttypes.h
configure:4327: gcc -c -DOSC -DCMTSTUFF -DPA_LITTLE_ENDIAN -O2 -m32 -Inyqsrc -Itran -Ixlisp -Isys/unix -Icmt -Iffts/src -Inyqstk/include -Inyqstk -Iportaudio/include -Iportaudio/src/common -Iportaudio/src/os/unix -Iliblo -Inylsf -DHAVE_LIBPTHREAD=1 -D_FILE_OFFSET_BITS=64  -DPA_USE_ALSA=1 -DSTK_NYQUIST -DUSE_VSPRINTF -DHAVE_CONFIG_H  conftest.c >&5
configure:4333: $? = 0
configure:4337: test -z 
			 || test ! -s conftest.err
configure:4340: $? = 0
configure:4343: test -s conftest.o
configure:4346: $? = 0
configure:4357: result: yes
configure:4311: checking for stdint.h
configure:4327: gcc -c -DOSC -DCMTSTUFF -DPA_LITTLE_ENDIAN -O2 -m32 -Inyqsrc -Itran -Ixlisp -Isys/unix -Icmt -Iffts/src -Inyqstk/include -Inyqstk -Iportaudio/include -Iportaudio/src/common -Iportaudio/src/os/unix -Iliblo -Inylsf -DHAVE_LIBPTHREAD=1 -D_FILE_OFFSET_BITS=64  -DPA_USE_ALSA=1 -DSTK_NYQUIST -DUSE_VSPRINTF -DHAVE_CONFIG_H  conftest.c >&5
configure:4333: $? = 0
configure:4337: test -z 
			 || test ! -s conftest.err
configure:4340: $? = 0
configure:4343: test -s conftest.o
configure:4346: $? = 0
configure:4357: result: yes
configure:4311: checking for unistd.h
configure:4327: gcc -c -DOSC -DCMTSTUFF -DPA_LITTLE_ENDIAN -O2 -m32 -Inyqsrc -Itran -Ixlisp -Isys/unix -Icmt -Iffts/src -Inyqstk/include -Inyqstk -Iportaudio/include -Iportaudio/src/common -Iportaudio/src/os/unix -Iliblo -Inylsf -DHAVE_LIBPTHREAD=1 -D_FILE_OFFSET_BITS=64  -DPA_USE_ALSA=1 -DSTK_NYQUIST -DUSE_VSPRINTF -DHAVE_CONFIG_H  conftest.c >&5
configure:4333: $? = 0
configure:4337: test -z 
			 || test ! -s conftest.err
configure:4340: $? = 0
configure:4343: test -s conftest.o
configure:4346: $? = 0
configure:4357: result: yes
configure:4383: checking dlfcn.h usability
configure:4395: gcc -c -DOSC -DCMTSTUFF -DPA_LITTLE_ENDIAN -O2 -m32 -Inyqsrc -Itran -Ixlisp -Isys/unix -Icmt -Iffts/src -Inyqstk/include -Inyqstk -Iportaudio/include -Iportaudio/src/common -Iportaudio/src/os/unix -Iliblo -Inylsf -DHAVE_LIBPTHREAD=1 -D_FILE_OFFSET_BITS=64  -DPA_USE_ALSA=1 -DSTK_NYQUIST -DUSE_VSPRINTF -DHAVE_CONFIG_H  conftest.c >&5
configure:4401: $? = 0
configure:4405: test -z 
			 || test ! -s conftest.err
configure:4408: $? = 0
configure:4411: test -s conftest.o
configure:4414: $? = 0
configure:4424: result: yes
configure:4428: checking dlfcn.h presence
configure:4438: gcc -E  conftest.c
configure:4444: $? = 0
configure:4464: result: yes
configure:4499: checking for dlfcn.h
configure:4506: result: yes
configure:4571: checking for g++
configure:4587: found /usr/bin/g++
configure:4597: result: g++
configure:4613: checking for C++ compiler version
configure:4616: g++ --version </dev/null >&5
g++ (GCC) 4.4.1 20090725 (Red Hat 4.4.1-2)
Copyright (C) 2009 Free Software Foundation, Inc.
This is free software; see the source for copying conditions.  There is NO
warranty; not even for MERCHANTABILITY or FITNESS FOR A PARTICULAR PURPOSE.

configure:4619: $? = 0
configure:4621: g++ -v </dev/null >&5
Using built-in specs.
Target: i586-redhat-linux
Configured with: ../configure --prefix=/usr --mandir=/usr/share/man --infodir=/usr/share/info --with-bugurl=http://bugzilla.redhat.com/bugzilla --enable-bootstrap --enable-shared --enable-threads=posix --enable-checking=release --with-system-zlib --enable-__cxa_atexit --disable-libunwind-exceptions --enable-languages=c,c++,objc,obj-c++,java,fortran,ada --enable-java-awt=gtk --disable-dssi --enable-plugin --with-java-home=/usr/lib/jvm/java-1.5.0-gcj-1.5.0.0/jre --enable-libgcj-multifile --enable-java-maintainer-mode --with-ecj-jar=/usr/share/java/eclipse-ecj.jar --disable-libjava-multilib --with-ppl --with-cloog --with-tune=generic --with-arch=i586 --build=i586-redhat-linux
Thread model: posix
gcc version 4.4.1 20090725 (Red Hat 4.4.1-2) (GCC) 
configure:4624: $? = 0
configure:4626: g++ -V </dev/null >&5
g++: '-V' option must have argument
configure:4629: $? = 1
configure:4632: checking whether we are using the GNU C++ compiler
configure:4656: g++ -c   conftest.cc >&5
configure:4662: $? = 0
configure:4666: test -z 
			 || test ! -s conftest.err
configure:4669: $? = 0
configure:4672: test -s conftest.o
configure:4675: $? = 0
configure:4688: result: yes
configure:4694: checking whether g++ accepts -g
configure:4715: g++ -c -g  conftest.cc >&5
configure:4721: $? = 0
configure:4725: test -z 
			 || test ! -s conftest.err
configure:4728: $? = 0
configure:4731: test -s conftest.o
configure:4734: $? = 0
configure:4745: result: yes
configure:4787: g++ -c -g -O2  conftest.cc >&5
configure:4793: $? = 0
configure:4797: test -z 
			 || test ! -s conftest.err
configure:4800: $? = 0
configure:4803: test -s conftest.o
configure:4806: $? = 0
configure:4832: g++ -c -g -O2  conftest.cc >&5
conftest.cc: In function 'int main()':
conftest.cc:26: error: 'exit' was not declared in this scope
configure:4838: $? = 1
configure: failed program was:
| /* confdefs.h.  */
| 
| #define PACKAGE_NAME "liblo"
| #define PACKAGE_TARNAME "liblo"
| #define PACKAGE_VERSION "0.26"
| #define PACKAGE_STRING "liblo 0.26"
| #define PACKAGE_BUGREPORT "liblo-devel@lists.sourceforge.net"
| #define PACKAGE "liblo"
| #define VERSION "0.26"
| #define STDC_HEADERS 1
| #define HAVE_SYS_TYPES_H 1
| #define HAVE_SYS_STAT_H 1
| #define HAVE_STDLIB_H 1
| #define HAVE_STRING_H 1
| #define HAVE_MEMORY_H 1
| #define HAVE_STRINGS_H 1
| #define HAVE_INTTYPES_H 1
| #define HAVE_STDINT_H 1
| #define HAVE_UNISTD_H 1
| #define HAVE_DLFCN_H 1
| /* end confdefs.h.  */
| 
| int
| main ()
| {
| exit (42);
|   ;
|   return 0;
| }
configure:4787: g++ -c -g -O2  conftest.cc >&5
conftest.cc:22: error: 'void std::exit(int)' should have been declared inside 'std'
configure:4793: $? = 1
configure: failed program was:
| /* confdefs.h.  */
| 
| #define PACKAGE_NAME "liblo"
| #define PACKAGE_TARNAME "liblo"
| #define PACKAGE_VERSION "0.26"
| #define PACKAGE_STRING "liblo 0.26"
| #define PACKAGE_BUGREPORT "liblo-devel@lists.sourceforge.net"
| #define PACKAGE "liblo"
| #define VERSION "0.26"
| #define STDC_HEADERS 1
| #define HAVE_SYS_TYPES_H 1
| #define HAVE_SYS_STAT_H 1
| #define HAVE_STDLIB_H 1
| #define HAVE_STRING_H 1
| #define HAVE_MEMORY_H 1
| #define HAVE_STRINGS_H 1
| #define HAVE_INTTYPES_H 1
| #define HAVE_STDINT_H 1
| #define HAVE_UNISTD_H 1
| #define HAVE_DLFCN_H 1
| /* end confdefs.h.  */
| extern "C" void std::exit (int) throw (); using std::exit;
| #include <stdlib.h>
| int
| main ()
| {
| exit (42);
|   ;
|   return 0;
| }
configure:4787: g++ -c -g -O2  conftest.cc >&5
conftest.cc:22: error: 'void std::exit(int)' should have been declared inside 'std'
In file included from conftest.cc:23:
/usr/include/stdlib.h:543: error: declaration of 'void std::exit(int) throw ()' throws different exceptions
conftest.cc:22: error: from previous declaration 'void std::exit(int)'
configure:4793: $? = 1
configure: failed program was:
| /* confdefs.h.  */
| 
| #define PACKAGE_NAME "liblo"
| #define PACKAGE_TARNAME "liblo"
| #define PACKAGE_VERSION "0.26"
| #define PACKAGE_STRING "liblo 0.26"
| #define PACKAGE_BUGREPORT "liblo-devel@lists.sourceforge.net"
| #define PACKAGE "liblo"
| #define VERSION "0.26"
| #define STDC_HEADERS 1
| #define HAVE_SYS_TYPES_H 1
| #define HAVE_SYS_STAT_H 1
| #define HAVE_STDLIB_H 1
| #define HAVE_STRING_H 1
| #define HAVE_MEMORY_H 1
| #define HAVE_STRINGS_H 1
| #define HAVE_INTTYPES_H 1
| #define HAVE_STDINT_H 1
| #define HAVE_UNISTD_H 1
| #define HAVE_DLFCN_H 1
| /* end confdefs.h.  */
| extern "C" void std::exit (int); using std::exit;
| #include <stdlib.h>
| int
| main ()
| {
| exit (42);
|   ;
|   return 0;
| }
configure:4787: g++ -c -g -O2  conftest.cc >&5
configure:4793: $? = 0
configure:4797: test -z 
			 || test ! -s conftest.err
configure:4800: $? = 0
configure:4803: test -s conftest.o
configure:4806: $? = 0
configure:4832: g++ -c -g -O2  conftest.cc >&5
configure:4838: $? = 0
configure:4842: test -z 
			 || test ! -s conftest.err
configure:4845: $? = 0
configure:4848: test -s conftest.o
configure:4851: $? = 0
configure:4876: checking dependency style of g++
configure:4966: result: gcc3
configure:4993: checking how to run the C++ preprocessor
configure:5024: g++ -E  conftest.cc
configure:5030: $? = 0
configure:5062: g++ -E  conftest.cc
conftest.cc:25:28: error: ac_nonexistent.h: No such file or directory
configure:5068: $? = 1
configure: failed program was:
| /* confdefs.h.  */
| 
| #define PACKAGE_NAME "liblo"
| #define PACKAGE_TARNAME "liblo"
| #define PACKAGE_VERSION "0.26"
| #define PACKAGE_STRING "liblo 0.26"
| #define PACKAGE_BUGREPORT "liblo-devel@lists.sourceforge.net"
| #define PACKAGE "liblo"
| #define VERSION "0.26"
| #define STDC_HEADERS 1
| #define HAVE_SYS_TYPES_H 1
| #define HAVE_SYS_STAT_H 1
| #define HAVE_STDLIB_H 1
| #define HAVE_STRING_H 1
| #define HAVE_MEMORY_H 1
| #define HAVE_STRINGS_H 1
| #define HAVE_INTTYPES_H 1
| #define HAVE_STDINT_H 1
| #define HAVE_UNISTD_H 1
| #define HAVE_DLFCN_H 1
| #ifdef __cplusplus
| extern "C" void exit (int) throw ();
| #endif
| /* end confdefs.h.  */
| #include <ac_nonexistent.h>
configure:5107: result: g++ -E
configure:5131: g++ -E  conftest.cc
configure:5137: $? = 0
configure:5169: g++ -E  conftest.cc
conftest.cc:25:28: error: ac_nonexistent.h: No such file or directory
configure:5175: $? = 1
configure: failed program was:
| /* confdefs.h.  */
| 
| #define PACKAGE_NAME "liblo"
| #define PACKAGE_TARNAME "liblo"
| #define PACKAGE_VERSION "0.26"
| #define PACKAGE_STRING "liblo 0.26"
| #define PACKAGE_BUGREPORT "liblo-devel@lists.sourceforge.net"
| #define PACKAGE "liblo"
| #define VERSION "0.26"
| #define STDC_HEADERS 1
| #define HAVE_SYS_TYPES_H 1
| #define HAVE_SYS_STAT_H 1
| #define HAVE_STDLIB_H 1
| #define HAVE_STRING_H 1
| #define HAVE_MEMORY_H 1
| #define HAVE_STRINGS_H 1
| #define HAVE_INTTYPES_H 1
| #define HAVE_STDINT_H 1
| #define HAVE_UNISTD_H 1
| #define HAVE_DLFCN_H 1
| #ifdef __cplusplus
| extern "C" void exit (int) throw ();
| #endif
| /* end confdefs.h.  */
| #include <ac_nonexistent.h>
configure:5272: checking for g77
configure:5301: result: no
configure:5272: checking for f77
configure:5301: result: no
configure:5272: checking for xlf
configure:5301: result: no
configure:5272: checking for frt
configure:5301: result: no
configure:5272: checking for pgf77
configure:5301: result: no
configure:5272: checking for fort77
configure:5301: result: no
configure:5272: checking for fl32
configure:5301: result: no
configure:5272: checking for af77
configure:5301: result: no
configure:5272: checking for f90
configure:5301: result: no
configure:5272: checking for xlf90
configure:5301: result: no
configure:5272: checking for pgf90
configure:5301: result: no
configure:5272: checking for epcf90
configure:5301: result: no
configure:5272: checking for f95
configure:5301: result: no
configure:5272: checking for fort
configure:5301: result: no
configure:5272: checking for xlf95
configure:5301: result: no
configure:5272: checking for ifc
configure:5301: result: no
configure:5272: checking for efc
configure:5301: result: no
configure:5272: checking for pgf95
configure:5301: result: no
configure:5272: checking for lf95
configure:5301: result: no
configure:5272: checking for gfortran
configure:5301: result: no
configure:5313: checking for Fortran 77 compiler version
configure:5316:  --version </dev/null >&5
./configure: line 5317: --version: command not found
configure:5319: $? = 127
configure:5321:  -v </dev/null >&5
./configure: line 5322: -v: command not found
configure:5324: $? = 127
configure:5326:  -V </dev/null >&5
./configure: line 5327: -V: command not found
configure:5329: $? = 127
configure:5337: checking whether we are using the GNU Fortran 77 compiler
configure:5351:  -c  conftest.F >&5
./configure: line 5352: -c: command not found
configure:5357: $? = 127
configure: failed program was:
|       program main
| #ifndef __GNUC__
|        choke me
| #endif
| 
|       end
configure:5383: result: no
configure:5389: checking whether  accepts -g
configure:5401:  -c -g conftest.f >&5
./configure: line 5402: -c: command not found
configure:5407: $? = 127
configure: failed program was:
|       program main
| 
|       end
configure:5432: result: no
configure:5462: checking the maximum length of command line arguments
configure:5571: result: 32768
configure:5582: checking command to parse /usr/bin/nm -B output from gcc object
configure:5687: gcc -c -DOSC -DCMTSTUFF -DPA_LITTLE_ENDIAN -O2 -m32 -Inyqsrc -Itran -Ixlisp -Isys/unix -Icmt -Iffts/src -Inyqstk/include -Inyqstk -Iportaudio/include -Iportaudio/src/common -Iportaudio/src/os/unix -Iliblo -Inylsf -DHAVE_LIBPTHREAD=1 -D_FILE_OFFSET_BITS=64  -DPA_USE_ALSA=1 -DSTK_NYQUIST -DUSE_VSPRINTF -DHAVE_CONFIG_H  conftest.c >&5
configure:5690: $? = 0
configure:5694: /usr/bin/nm -B conftest.o \| sed -n -e 's/^.*[ 	]\([ABCDGIRSTW][ABCDGIRSTW]*\)[ 	][ 	]*\([_A-Za-z][_A-Za-z0-9]*\)$/\1 \2 \2/p' \> conftest.nm
configure:5697: $? = 0
configure:5749: gcc -o conftest -DOSC -DCMTSTUFF -DPA_LITTLE_ENDIAN -O2 -m32 -Inyqsrc -Itran -Ixlisp -Isys/unix -Icmt -Iffts/src -Inyqstk/include -Inyqstk -Iportaudio/include -Iportaudio/src/common -Iportaudio/src/os/unix -Iliblo -Inylsf -DHAVE_LIBPTHREAD=1 -D_FILE_OFFSET_BITS=64  -DPA_USE_ALSA=1 -DSTK_NYQUIST -DUSE_VSPRINTF -DHAVE_CONFIG_H   conftest.c conftstm.o >&5
configure:5752: $? = 0
configure:5790: result: ok
configure:5794: checking for objdir
configure:5809: result: .libs
configure:5899: checking for ar
configure:5915: found /usr/bin/ar
configure:5926: result: ar
configure:5979: checking for ranlib
configure:5995: found /usr/bin/ranlib
configure:6006: result: ranlib
configure:6059: checking for strip
configure:6075: found /usr/bin/strip
configure:6086: result: strip
configure:6358: checking if gcc supports -fno-rtti -fno-exceptions
configure:6376: gcc -c -DOSC -DCMTSTUFF -DPA_LITTLE_ENDIAN -O2 -m32 -Inyqsrc -Itran -Ixlisp -Isys/unix -Icmt -Iffts/src -Inyqstk/include -Inyqstk -Iportaudio/include -Iportaudio/src/common -Iportaudio/src/os/unix -Iliblo -Inylsf -DHAVE_LIBPTHREAD=1 -D_FILE_OFFSET_BITS=64  -DPA_USE_ALSA=1 -DSTK_NYQUIST -DUSE_VSPRINTF -DHAVE_CONFIG_H  -fno-rtti -fno-exceptions conftest.c >&5
cc1: warning: command line option "-fno-rtti" is valid for C++/ObjC++ but not for C
configure:6380: $? = 0
configure:6393: result: no
configure:6408: checking for gcc option to produce PIC
configure:6618: result: -fPIC
configure:6626: checking if gcc PIC flag -fPIC works
configure:6644: gcc -c -DOSC -DCMTSTUFF -DPA_LITTLE_ENDIAN -O2 -m32 -Inyqsrc -Itran -Ixlisp -Isys/unix -Icmt -Iffts/src -Inyqstk/include -Inyqstk -Iportaudio/include -Iportaudio/src/common -Iportaudio/src/os/unix -Iliblo -Inylsf -DHAVE_LIBPTHREAD=1 -D_FILE_OFFSET_BITS=64  -DPA_USE_ALSA=1 -DSTK_NYQUIST -DUSE_VSPRINTF -DHAVE_CONFIG_H  -fPIC -DPIC conftest.c >&5
configure:6648: $? = 0
configure:6661: result: yes
configure:6689: checking if gcc static flag -static works
configure:6717: result: no
configure:6727: checking if gcc supports -c -o file.o
configure:6748: gcc -c -DOSC -DCMTSTUFF -DPA_LITTLE_ENDIAN -O2 -m32 -Inyqsrc -Itran -Ixlisp -Isys/unix -Icmt -Iffts/src -Inyqstk/include -Inyqstk -Iportaudio/include -Iportaudio/src/common -Iportaudio/src/os/unix -Iliblo -Inylsf -DHAVE_LIBPTHREAD=1 -D_FILE_OFFSET_BITS=64  -DPA_USE_ALSA=1 -DSTK_NYQUIST -DUSE_VSPRINTF -DHAVE_CONFIG_H  -o out/conftest2.o conftest.c >&5
configure:6752: $? = 0
configure:6774: result: yes
configure:6800: checking whether the gcc linker (/usr/bin/ld) supports shared libraries
configure:7758: result: yes
configure:7825: checking dynamic linker characteristics
configure:8434: result: GNU/Linux ld.so
configure:8443: checking how to hardcode library paths into programs
configure:8468: result: immediate
configure:8482: checking whether stripping libraries is possible
configure:8487: result: yes
configure:9321: checking if libtool supports shared libraries
configure:9323: result: yes
configure:9326: checking whether to build shared libraries
configure:9347: result: no
configure:9350: checking whether to build static libraries
configure:9354: result: yes
configure:9446: creating libtool
configure:10037: checking for ld used by g++
configure:10104: result: /usr/bin/ld
configure:10113: checking if the linker (/usr/bin/ld) is GNU ld
configure:10128: result: yes
configure:10179: checking whether the g++ linker (/usr/bin/ld) supports shared libraries
configure:11117: result: yes
configure:11135: g++ -c -g -O2  conftest.cpp >&5
configure:11138: $? = 0
configure:11257: checking for g++ option to produce PIC
configure:11531: result: -fPIC
configure:11539: checking if g++ PIC flag -fPIC works
configure:11557: g++ -c -g -O2  -fPIC -DPIC conftest.cpp >&5
configure:11561: $? = 0
configure:11574: result: yes
configure:11602: checking if g++ static flag -static works
configure:11630: result: no
configure:11640: checking if g++ supports -c -o file.o
configure:11661: g++ -c -g -O2  -o out/conftest2.o conftest.cpp >&5
configure:11665: $? = 0
configure:11687: result: yes
configure:11713: checking whether the g++ linker (/usr/bin/ld) supports shared libraries
configure:11738: result: yes
configure:11805: checking dynamic linker characteristics
configure:12414: result: GNU/Linux ld.so
configure:12423: checking how to hardcode library paths into programs
configure:12448: result: immediate
configure:18653: checking whether gcc and cc understand -c and -o together
configure:18683: gcc -c conftest.c -o conftest.o >&5
configure:18686: $? = 0
configure:18688: gcc -c conftest.c -o conftest.o >&5
configure:18691: $? = 0
configure:18698: cc -c conftest.c >&5
configure:18701: $? = 0
configure:18704: cc -c conftest.c -o conftest.o >&5
configure:18707: $? = 0
configure:18709: cc -c conftest.c -o conftest.o >&5
configure:18712: $? = 0
configure:18730: result: yes
configure:18757: checking for doxygen
configure:18786: result: no
configure:18794: checking for pthread_create in -lpthread
configure:18824: gcc -o conftest -DOSC -DCMTSTUFF -DPA_LITTLE_ENDIAN -O2 -m32 -Inyqsrc -Itran -Ixlisp -Isys/unix -Icmt -Iffts/src -Inyqstk/include -Inyqstk -Iportaudio/include -Iportaudio/src/common -Iportaudio/src/os/unix -Iliblo -Inylsf -DHAVE_LIBPTHREAD=1 -D_FILE_OFFSET_BITS=64  -DPA_USE_ALSA=1 -DSTK_NYQUIST -DUSE_VSPRINTF -DHAVE_CONFIG_H   conftest.c -lpthread   >&5
configure:18830: $? = 0
configure:18834: test -z 
			 || test ! -s conftest.err
configure:18837: $? = 0
configure:18840: test -s conftest
configure:18843: $? = 0
configure:18856: result: yes
configure:18867: checking for library containing recvfrom
configure:18897: gcc -o conftest -DOSC -DCMTSTUFF -DPA_LITTLE_ENDIAN -O2 -m32 -Inyqsrc -Itran -Ixlisp -Isys/unix -Icmt -Iffts/src -Inyqstk/include -Inyqstk -Iportaudio/include -Iportaudio/src/common -Iportaudio/src/os/unix -Iliblo -Inylsf -DHAVE_LIBPTHREAD=1 -D_FILE_OFFSET_BITS=64  -DPA_USE_ALSA=1 -DSTK_NYQUIST -DUSE_VSPRINTF -DHAVE_CONFIG_H   conftest.c -lpthread  >&5
configure:18903: $? = 0
configure:18907: test -z 
			 || test ! -s conftest.err
configure:18910: $? = 0
configure:18913: test -s conftest
configure:18916: $? = 0
configure:18986: result: none required
configure:18995: checking for ANSI C header files
configure:19151: result: yes
configure:19180: checking netdb.h usability
configure:19192: gcc -c -DOSC -DCMTSTUFF -DPA_LITTLE_ENDIAN -O2 -m32 -Inyqsrc -Itran -Ixlisp -Isys/unix -Icmt -Iffts/src -Inyqstk/include -Inyqstk -Iportaudio/include -Iportaudio/src/common -Iportaudio/src/os/unix -Iliblo -Inylsf -DHAVE_LIBPTHREAD=1 -D_FILE_OFFSET_BITS=64  -DPA_USE_ALSA=1 -DSTK_NYQUIST -DUSE_VSPRINTF -DHAVE_CONFIG_H  conftest.c >&5
configure:19198: $? = 0
configure:19202: test -z 
			 || test ! -s conftest.err
configure:19205: $? = 0
configure:19208: test -s conftest.o
configure:19211: $? = 0
configure:19221: result: yes
configure:19225: checking netdb.h presence
configure:19235: gcc -E  conftest.c
configure:19241: $? = 0
configure:19261: result: yes
configure:19296: checking for netdb.h
configure:19303: result: yes
configure:19180: checking netinet/in.h usability
configure:19192: gcc -c -DOSC -DCMTSTUFF -DPA_LITTLE_ENDIAN -O2 -m32 -Inyqsrc -Itran -Ixlisp -Isys/unix -Icmt -Iffts/src -Inyqstk/include -Inyqstk -Iportaudio/include -Iportaudio/src/common -Iportaudio/src/os/unix -Iliblo -Inylsf -DHAVE_LIBPTHREAD=1 -D_FILE_OFFSET_BITS=64  -DPA_USE_ALSA=1 -DSTK_NYQUIST -DUSE_VSPRINTF -DHAVE_CONFIG_H  conftest.c >&5
configure:19198: $? = 0
configure:19202: test -z 
			 || test ! -s conftest.err
configure:19205: $? = 0
configure:19208: test -s conftest.o
configure:19211: $? = 0
configure:19221: result: yes
configure:19225: checking netinet/in.h presence
configure:19235: gcc -E  conftest.c
configure:19241: $? = 0
configure:19261: result: yes
configure:19296: checking for netinet/in.h
configure:19303: result: yes
configure:19171: checking for stdlib.h
configure:19176: result: yes
configure:19171: checking for string.h
configure:19176: result: yes
configure:19180: checking sys/socket.h usability
configure:19192: gcc -c -DOSC -DCMTSTUFF -DPA_LITTLE_ENDIAN -O2 -m32 -Inyqsrc -Itran -Ixlisp -Isys/unix -Icmt -Iffts/src -Inyqstk/include -Inyqstk -Iportaudio/include -Iportaudio/src/common -Iportaudio/src/os/unix -Iliblo -Inylsf -DHAVE_LIBPTHREAD=1 -D_FILE_OFFSET_BITS=64  -DPA_USE_ALSA=1 -DSTK_NYQUIST -DUSE_VSPRINTF -DHAVE_CONFIG_H  conftest.c >&5
configure:19198: $? = 0
configure:19202: test -z 
			 || test ! -s conftest.err
configure:19205: $? = 0
configure:19208: test -s conftest.o
configure:19211: $? = 0
configure:19221: result: yes
configure:19225: checking sys/socket.h presence
configure:19235: gcc -E  conftest.c
configure:19241: $? = 0
configure:19261: result: yes
configure:19296: checking for sys/socket.h
configure:19303: result: yes
configure:19171: checking for unistd.h
configure:19176: result: yes
configure:19318: checking for an ANSI C-conforming const
configure:19385: gcc -c -DOSC -DCMTSTUFF -DPA_LITTLE_ENDIAN -O2 -m32 -Inyqsrc -Itran -Ixlisp -Isys/unix -Icmt -Iffts/src -Inyqstk/include -Inyqstk -Iportaudio/include -Iportaudio/src/common -Iportaudio/src/os/unix -Iliblo -Inylsf -DHAVE_LIBPTHREAD=1 -D_FILE_OFFSET_BITS=64  -DPA_USE_ALSA=1 -DSTK_NYQUIST -DUSE_VSPRINTF -DHAVE_CONFIG_H  conftest.c >&5
configure:19391: $? = 0
configure:19395: test -z 
			 || test ! -s conftest.err
configure:19398: $? = 0
configure:19401: test -s conftest.o
configure:19404: $? = 0
configure:19415: result: yes
configure:19425: checking for size_t
configure:19449: gcc -c -DOSC -DCMTSTUFF -DPA_LITTLE_ENDIAN -O2 -m32 -Inyqsrc -Itran -Ixlisp -Isys/unix -Icmt -Iffts/src -Inyqstk/include -Inyqstk -Iportaudio/include -Iportaudio/src/common -Iportaudio/src/os/unix -Iliblo -Inylsf -DHAVE_LIBPTHREAD=1 -D_FILE_OFFSET_BITS=64  -DPA_USE_ALSA=1 -DSTK_NYQUIST -DUSE_VSPRINTF -DHAVE_CONFIG_H  conftest.c >&5
configure:19455: $? = 0
configure:19459: test -z 
			 || test ! -s conftest.err
configure:19462: $? = 0
configure:19465: test -s conftest.o
configure:19468: $? = 0
configure:19479: result: yes
configure:19493: checking for select
configure:19550: gcc -o conftest -DOSC -DCMTSTUFF -DPA_LITTLE_ENDIAN -O2 -m32 -Inyqsrc -Itran -Ixlisp -Isys/unix -Icmt -Iffts/src -Inyqstk/include -Inyqstk -Iportaudio/include -Iportaudio/src/common -Iportaudio/src/os/unix -Iliblo -Inylsf -DHAVE_LIBPTHREAD=1 -D_FILE_OFFSET_BITS=64  -DPA_USE_ALSA=1 -DSTK_NYQUIST -DUSE_VSPRINTF -DHAVE_CONFIG_H   conftest.c -lpthread  >&5
configure:19556: $? = 0
configure:19560: test -z 
			 || test ! -s conftest.err
configure:19563: $? = 0
configure:19566: test -s conftest
configure:19569: $? = 0
configure:19581: result: yes
configure:19652: checking for poll
configure:19709: gcc -o conftest -DOSC -DCMTSTUFF -DPA_LITTLE_ENDIAN -O2 -m32 -Inyqsrc -Itran -Ixlisp -Isys/unix -Icmt -Iffts/src -Inyqstk/include -Inyqstk -Iportaudio/include -Iportaudio/src/common -Iportaudio/src/os/unix -Iliblo -Inylsf -DHAVE_LIBPTHREAD=1 -D_FILE_OFFSET_BITS=64  -DPA_USE_ALSA=1 -DSTK_NYQUIST -DUSE_VSPRINTF -DHAVE_CONFIG_H   conftest.c -lpthread  >&5
configure:19715: $? = 0
configure:19719: test -z 
			 || test ! -s conftest.err
configure:19722: $? = 0
configure:19725: test -s conftest
configure:19728: $? = 0
configure:19740: result: yes
configure:19750: checking for inet_aton
configure:19807: gcc -o conftest -DOSC -DCMTSTUFF -DPA_LITTLE_ENDIAN -O2 -m32 -Inyqsrc -Itran -Ixlisp -Isys/unix -Icmt -Iffts/src -Inyqstk/include -Inyqstk -Iportaudio/include -Iportaudio/src/common -Iportaudio/src/os/unix -Iliblo -Inylsf -DHAVE_LIBPTHREAD=1 -D_FILE_OFFSET_BITS=64  -DPA_USE_ALSA=1 -DSTK_NYQUIST -DUSE_VSPRINTF -DHAVE_CONFIG_H   conftest.c -lpthread  >&5
configure:19813: $? = 0
configure:19817: test -z 
			 || test ! -s conftest.err
configure:19820: $? = 0
configure:19823: test -s conftest
configure:19826: $? = 0
configure:19838: result: yes
configure:19849: checking whether byte ordering is bigendian
configure:19876: gcc -c -DOSC -DCMTSTUFF -DPA_LITTLE_ENDIAN -O2 -m32 -Inyqsrc -Itran -Ixlisp -Isys/unix -Icmt -Iffts/src -Inyqstk/include -Inyqstk -Iportaudio/include -Iportaudio/src/common -Iportaudio/src/os/unix -Iliblo -Inylsf -DHAVE_LIBPTHREAD=1 -D_FILE_OFFSET_BITS=64  -DPA_USE_ALSA=1 -DSTK_NYQUIST -DUSE_VSPRINTF -DHAVE_CONFIG_H  conftest.c >&5
configure:19882: $? = 0
configure:19886: test -z 
			 || test ! -s conftest.err
configure:19889: $? = 0
configure:19892: test -s conftest.o
configure:19895: $? = 0
configure:19919: gcc -c -DOSC -DCMTSTUFF -DPA_LITTLE_ENDIAN -O2 -m32 -Inyqsrc -Itran -Ixlisp -Isys/unix -Icmt -Iffts/src -Inyqstk/include -Inyqstk -Iportaudio/include -Iportaudio/src/common -Iportaudio/src/os/unix -Iliblo -Inylsf -DHAVE_LIBPTHREAD=1 -D_FILE_OFFSET_BITS=64  -DPA_USE_ALSA=1 -DSTK_NYQUIST -DUSE_VSPRINTF -DHAVE_CONFIG_H  conftest.c >&5
conftest.c: In function 'main':
conftest.c:43: error: 'not' undeclared (first use in this function)
conftest.c:43: error: (Each undeclared identifier is reported only once
conftest.c:43: error: for each function it appears in.)
conftest.c:43: error: expected ';' before 'big'
configure:19925: $? = 1
configure: failed program was:
| /* confdefs.h.  */
| 
| #define PACKAGE_NAME "liblo"
| #define PACKAGE_TARNAME "liblo"
| #define PACKAGE_VERSION "0.26"
| #define PACKAGE_STRING "liblo 0.26"
| #define PACKAGE_BUGREPORT "liblo-devel@lists.sourceforge.net"
| #define PACKAGE "liblo"
| #define VERSION "0.26"
| #define STDC_HEADERS 1
| #define HAVE_SYS_TYPES_H 1
| #define HAVE_SYS_STAT_H 1
| #define HAVE_STDLIB_H 1
| #define HAVE_STRING_H 1
| #define HAVE_MEMORY_H 1
| #define HAVE_STRINGS_H 1
| #define HAVE_INTTYPES_H 1
| #define HAVE_STDINT_H 1
| #define HAVE_UNISTD_H 1
| #define HAVE_DLFCN_H 1
| #ifdef __cplusplus
| extern "C" void exit (int) throw ();
| #endif
| #define HAVE_LIBPTHREAD 1
| #define STDC_HEADERS 1
| #define HAVE_NETDB_H 1
| #define HAVE_NETINET_IN_H 1
| #define HAVE_STDLIB_H 1
| #define HAVE_STRING_H 1
| #define HAVE_SYS_SOCKET_H 1
| #define HAVE_UNISTD_H 1
| #define HAVE_SELECT 1
| #define HAVE_POLL 1
| #define HAVE_INET_ATON 1
| /* end confdefs.h.  */
| #include <sys/types.h>
| #include <sys/param.h>
| 
| int
| main ()
| {
| #if BYTE_ORDER != BIG_ENDIAN
|  not big endian
| #endif
| 
|   ;
|   return 0;
| }
configure:20060: result: no
configure:20200: creating ./config.status

## ---------------------- ##
## Running config.status. ##
## ---------------------- ##

This file was extended by liblo config.status 0.26, which was
generated by GNU Autoconf 2.59.  Invocation command line was

  CONFIG_FILES    = 
  CONFIG_HEADERS  = 
  CONFIG_LINKS    = 
  CONFIG_COMMANDS = 
  $ ./config.status 

on prez.music.cs.cmu.edu

config.status:726: creating Makefile
config.status:726: creating src/Makefile
config.status:786: error: cannot find input file: src/Makefile.in

## ---------------- ##
## Cache variables. ##
## ---------------- ##

ac_cv_build=i686-redhat-linux-gnu
ac_cv_build_alias=i686-redhat-linux-gnu
ac_cv_c_bigendian=no
ac_cv_c_compiler_gnu=yes
ac_cv_c_const=yes
ac_cv_cxx_compiler_gnu=yes
ac_cv_env_CC_set=
ac_cv_env_CC_value=
ac_cv_env_CFLAGS_set=set
ac_cv_env_CFLAGS_value='-DOSC -DCMTSTUFF -DPA_LITTLE_ENDIAN -O2 -m32 -Inyqsrc -Itran -Ixlisp -Isys/unix -Icmt -Iffts/src -Inyqstk/include -Inyqstk -Iportaudio/include -Iportaudio/src/common -Iportaudio/src/os/unix -Iliblo -Inylsf -DHAVE_LIBPTHREAD=1 -D_FILE_OFFSET_BITS=64  -DPA_USE_ALSA=1 -DSTK_NYQUIST -DUSE_VSPRINTF -DHAVE_CONFIG_H'
ac_cv_env_CPPFLAGS_set=
ac_cv_env_CPPFLAGS_value=
ac_cv_env_CPP_set=
ac_cv_env_CPP_value=
ac_cv_env_CXXCPP_set=
ac_cv_env_CXXCPP_value=
ac_cv_env_CXXFLAGS_set=
ac_cv_env_CXXFLAGS_value=
ac_cv_env_CXX_set=
ac_cv_env_CXX_value=
ac_cv_env_F77_set=
ac_cv_env_F77_value=
ac_cv_env_FFLAGS_set=
ac_cv_env_FFLAGS_value=
ac_cv_env_LDFLAGS_set=
ac_cv_env_LDFLAGS_value=
ac_cv_env_build_alias_set=
ac_cv_env_build_alias_value=
ac_cv_env_host_alias_set=
ac_cv_env_host_alias_value=
ac_cv_env_target_alias_set=
ac_cv_env_target_alias_value=
ac_cv_exeext=
ac_cv_f77_compiler_gnu=no
ac_cv_func_inet_aton=yes
ac_cv_func_poll=yes
ac_cv_func_select=yes
ac_cv_header_dlfcn_h=yes
ac_cv_header_inttypes_h=yes
ac_cv_header_memory_h=yes
ac_cv_header_netdb_h=yes
ac_cv_header_netinet_in_h=yes
ac_cv_header_stdc=yes
ac_cv_header_stdint_h=yes
ac_cv_header_stdlib_h=yes
ac_cv_header_string_h=yes
ac_cv_header_strings_h=yes
ac_cv_header_sys_socket_h=yes
ac_cv_header_sys_stat_h=yes
ac_cv_header_sys_types_h=yes
ac_cv_header_unistd_h=yes
ac_cv_host=i686-redhat-linux-gnu
ac_cv_host_alias=i686-redhat-linux-gnu
ac_cv_lib_pthread_pthread_create=yes
ac_cv_objext=o
ac_cv_path_install='/usr/bin/install -c'
ac_cv_prog_AWK=gawk
ac_cv_prog_CPP='gcc -E'
ac_cv_prog_CXXCPP='g++ -E'
ac_cv_prog_ac_ct_AR=ar
ac_cv_prog_ac_ct_CC=gcc
ac_cv_prog_ac_ct_CXX=g++
ac_cv_prog_ac_ct_RANLIB=ranlib
ac_cv_prog_ac_ct_STRIP=strip
ac_cv_prog_cc_g=yes
ac_cv_prog_cc_gcc_c_o=yes
ac_cv_prog_cc_stdc=
ac_cv_prog_cxx_g=yes
ac_cv_prog_egrep='grep -E'
ac_cv_prog_f77_g=no
ac_cv_prog_make_make_set=yes
ac_cv_search_recvfrom='none required'
ac_cv_type_size_t=yes
am_cv_CC_dependencies_compiler_type=gcc3
am_cv_CXX_dependencies_compiler_type=gcc3
lt_cv_deplibs_check_method=pass_all
lt_cv_file_magic_cmd='$MAGIC_CMD'
lt_cv_file_magic_test_file=
lt_cv_ld_reload_flag=-r
lt_cv_objdir=.libs
lt_cv_path_LD=/usr/bin/ld
lt_cv_path_LDCXX=/usr/bin/ld
lt_cv_path_NM='/usr/bin/nm -B'
lt_cv_path_SED=/bin/sed
lt_cv_prog_compiler_c_o=yes
lt_cv_prog_compiler_c_o_CXX=yes
lt_cv_prog_compiler_rtti_exceptions=no
lt_cv_prog_gnu_ld=yes
lt_cv_prog_gnu_ldcxx=yes
lt_cv_sys_global_symbol_pipe='sed -n -e '\''s/^.*[ 	]\([ABCDGIRSTW][ABCDGIRSTW]*\)[ 	][ 	]*\([_A-Za-z][_A-Za-z0-9]*\)$/\1 \2 \2/p'\'''
lt_cv_sys_global_symbol_to_c_name_address='sed -n -e '\''s/^: \([^ ]*\) $/  {\"\1\", (lt_ptr) 0},/p'\'' -e '\''s/^[BCDEGRST] \([^ ]*\) \([^ ]*\)$/  {"\2", (lt_ptr) \&\2},/p'\'''
lt_cv_sys_global_symbol_to_cdecl='sed -n -e '\''s/^. .* \(.*\)$/extern int \1;/p'\'''
lt_cv_sys_max_cmd_len=32768
lt_lt_cv_prog_compiler_c_o='"yes"'
lt_lt_cv_prog_compiler_c_o_CXX='"yes"'
lt_lt_cv_sys_global_symbol_pipe='"sed -n -e '\''s/^.*[ 	]\\([ABCDGIRSTW][ABCDGIRSTW]*\\)[ 	][ 	]*\\([_A-Za-z][_A-Za-z0-9]*\\)\$/\\1 \\2 \\2/p'\''"'
lt_lt_cv_sys_global_symbol_to_c_name_address='"sed -n -e '\''s/^: \\([^ ]*\\) \$/  {\\\"\\1\\\", (lt_ptr) 0},/p'\'' -e '\''s/^[BCDEGRST] \\([^ ]*\\) \\([^ ]*\\)\$/  {\"\\2\", (lt_ptr) \\&\\2},/p'\''"'
lt_lt_cv_sys_global_symbol_to_cdecl='"sed -n -e '\''s/^. .* \\(.*\\)\$/extern int \\1;/p'\''"'

## ----------------- ##
## Output variables. ##
## ----------------- ##

ACLOCAL='${SHELL} /home/rbd/nyquist/liblo/missing --run aclocal-1.9'
AMDEPBACKSLASH='\'
AMDEP_FALSE='#'
AMDEP_TRUE=''
AMTAR='${SHELL} /home/rbd/nyquist/liblo/missing --run tar'
AR='ar'
AUTOCONF='${SHELL} /home/rbd/nyquist/liblo/missing --run autoconf'
AUTOHEADER='${SHELL} /home/rbd/nyquist/liblo/missing --run autoheader'
AUTOMAKE='${SHELL} /home/rbd/nyquist/liblo/missing --run automake-1.9'
AWK='gawk'
CC='gcc'
CCDEPMODE='depmode=gcc3'
CFLAGS='-DOSC -DCMTSTUFF -DPA_LITTLE_ENDIAN -O2 -m32 -Inyqsrc -Itran -Ixlisp -Isys/unix -Icmt -Iffts/src -Inyqstk/include -Inyqstk -Iportaudio/include -Iportaudio/src/common -Iportaudio/src/os/unix -Iliblo -Inylsf -DHAVE_LIBPTHREAD=1 -D_FILE_OFFSET_BITS=64  -DPA_USE_ALSA=1 -DSTK_NYQUIST -DUSE_VSPRINTF -DHAVE_CONFIG_H'
CPP='gcc -E'
CPPFLAGS=''
CXX='g++'
CXXCPP='g++ -E'
CXXDEPMODE='depmode=gcc3'
CXXFLAGS='-g -O2'
CYGPATH_W='echo'
DEFS='-DHAVE_CONFIG_H'
DEPDIR='.deps'
DOXYGEN=''
ECHO='echo'
ECHO_C=''
ECHO_N='-n'
ECHO_T=''
EGREP='grep -E'
EXEEXT=''
F77=''
FFLAGS=''
INSTALL_DATA='${INSTALL} -m 644'
INSTALL_PROGRAM='${INSTALL}'
INSTALL_SCRIPT='${INSTALL}'
INSTALL_STRIP_PROGRAM='${SHELL} $(install_sh) -c -s'
LDFLAGS=''
LIBOBJS=''
LIBS='-lpthread '
LIBTOOL='$(SHELL) $(top_builddir)/libtool'
LN_S='ln -s'
LO_BIGENDIAN='0'
LO_SO_VERSION='7:0:0'
LTLIBOBJS=''
MAKEINFO='${SHELL} /home/rbd/nyquist/liblo/missing --run makeinfo'
OBJEXT='o'
PACKAGE='liblo'
PACKAGE_BUGREPORT='liblo-devel@lists.sourceforge.net'
PACKAGE_NAME='liblo'
PACKAGE_STRING='liblo 0.26'
PACKAGE_TARNAME='liblo'
PACKAGE_VERSION='0.26'
PATH_SEPARATOR=':'
RANLIB='ranlib'
SED='/bin/sed'
SET_MAKE=''
SHELL='/bin/sh'
STRIP='strip'
VERSION='0.26'
ac_ct_AR='ar'
ac_ct_CC='gcc'
ac_ct_CXX='g++'
ac_ct_F77=''
ac_ct_RANLIB='ranlib'
ac_ct_STRIP='strip'
am__fastdepCC_FALSE='#'
am__fastdepCC_TRUE=''
am__fastdepCXX_FALSE='#'
am__fastdepCXX_TRUE=''
am__include='include'
am__leading_dot='.'
am__quote=''
am__tar='${AMTAR} chof - "$$tardir"'
am__untar='${AMTAR} xf -'
bindir='${exec_prefix}/bin'
build='i686-redhat-linux-gnu'
build_alias=''
build_cpu='i686'
build_os='linux-gnu'
build_vendor='redhat'
datadir='${prefix}/share'
exec_prefix='${prefix}'
host='i686-redhat-linux-gnu'
host_alias=''
host_cpu='i686'
host_os='linux-gnu'
host_vendor='redhat'
includedir='${prefix}/include'
infodir='${prefix}/info'
install_sh='/home/rbd/nyquist/liblo/install-sh'
libdir='${exec_prefix}/lib'
libexecdir='${exec_prefix}/libexec'
localstatedir='${prefix}/var'
mandir='${prefix}/man'
mkdir_p='mkdir -p --'
oldincludedir='/usr/include'
prefix='/usr/local'
program_transform_name='s,x,x,'
sbindir='${exec_prefix}/sbin'
sharedstatedir='${prefix}/com'
sysconfdir='${prefix}/etc'
target_alias=''

## ----------- ##
## confdefs.h. ##
## ----------- ##

#define HAVE_DLFCN_H 1
#define HAVE_INET_ATON 1
#define HAVE_INTTYPES_H 1
#define HAVE_LIBPTHREAD 1
#define HAVE_MEMORY_H 1
#define HAVE_NETDB_H 1
#define HAVE_NETINET_IN_H 1
#define HAVE_POLL 1
#define HAVE_SELECT 1
#define HAVE_STDINT_H 1
#define HAVE_STDLIB_H 1
#define HAVE_STDLIB_H 1
#define HAVE_STRINGS_H 1
#define HAVE_STRING_H 1
#define HAVE_STRING_H 1
#define HAVE_SYS_SOCKET_H 1
#define HAVE_SYS_STAT_H 1
#define HAVE_SYS_TYPES_H 1
#define HAVE_UNISTD_H 1
#define HAVE_UNISTD_H 1
#define LO_BIGENDIAN "0"
#define PACKAGE "liblo"
#define PACKAGE_BUGREPORT "liblo-devel@lists.sourceforge.net"
#define PACKAGE_NAME "liblo"
#define PACKAGE_STRING "liblo 0.26"
#define PACKAGE_TARNAME "liblo"
#define PACKAGE_VERSION "0.26"
#define STDC_HEADERS 1
#define STDC_HEADERS 1
#define VERSION "0.26"
#endif
#ifdef __cplusplus
extern "C" void exit (int) throw ();

configure: exit 1

## ---------------------- ##
## Running config.status. ##
## ---------------------- ##

This file was extended by liblo config.status 0.26, which was
generated by GNU Autoconf 2.59.  Invocation command line was

  CONFIG_FILES    = 
  CONFIG_HEADERS  = 
  CONFIG_LINKS    = 
  CONFIG_COMMANDS = 
  $ ./config.status config.h

on prez.music.cs.cmu.edu

config.status:830: creating config.h

## ---------------------- ##
## Running config.status. ##
## ---------------------- ##

This file was extended by liblo config.status 0.26, which was
generated by GNU Autoconf 2.59.  Invocation command line was

  CONFIG_FILES    = 
  CONFIG_HEADERS  = 
  CONFIG_LINKS    = 
  CONFIG_COMMANDS = 
  $ ./config.status lo/lo_endian.h

on prez.music.cs.cmu.edu

config.status:726: creating lo/lo_endian.h

## ---------------------- ##
## Running config.status. ##
## ---------------------- ##

This file was extended by liblo config.status 0.26, which was
generated by GNU Autoconf 2.59.  Invocation command line was

  CONFIG_FILES    = 
  CONFIG_HEADERS  = 
  CONFIG_LINKS    = 
  CONFIG_COMMANDS = 
  $ ./config.status liblo.pc

on prez.music.cs.cmu.edu

config.status:726: creating liblo.pc
